0 info it worked if it ends with ok
1 verbose cli [ 'E:\\tools\\nodejs\\node.exe',
1 verbose cli   'E:\\tools\\nodejs\\node_modules\\npm\\bin\\npm-cli.js',
1 verbose cli   'run',
1 verbose cli   'deploy' ]
2 info using npm@3.10.10
3 info using node@v6.10.0
4 verbose run-script [ 'predeploy', 'deploy', 'postdeploy' ]
5 info lifecycle react02@0.1.0~predeploy: react02@0.1.0
6 verbose lifecycle react02@0.1.0~predeploy: unsafe-perm in lifecycle true
7 verbose lifecycle react02@0.1.0~predeploy: PATH: E:\tools\nodejs\node_modules\npm\bin\node-gyp-bin;E:\code\ReactDemo\react02\node_modules\.bin;C:\ProgramData\Oracle\Java\javapath;C:\Windows\system32;C:\Windows;C:\Windows\System32\Wbem;C:\Windows\System32\WindowsPowerShell\v1.0\;C:\Program Files (x86)\NVIDIA Corporation\PhysX\Common;C:\Program Files\Intel\WiFi\bin\;C:\Program Files\Common Files\Intel\WirelessCommon\;C:\WINDOWS\system32;C:\WINDOWS;C:\WINDOWS\System32\Wbem;C:\WINDOWS\System32\WindowsPowerShell\v1.0\;E:\tools\Java\jdk1.8.0_101\bin;E:\tools\Java\jdk1.8.0_101\jre\bin;E:\tools\TortoiseSVN\bin;E:\tools\Git\cmd;E:\tools\nodejs\;E:\tools\sdk\tools;E:\tools\sdk\platform-tools;E:\tools\apache-tomcat-8.5.14\lib;E:\tools\apache-tomcat-8.5.14\bin;E:\tools\apache-maven-3.5.0\bin;C:\Program Files\MySQL\MySQL Utilities 1.6\;C:\Users\panyz\AppData\Local\Microsoft\WindowsApps;E:\tools\Microsoft VS Code\bin;C:\Users\panyz\AppData\Roaming\npm;
8 verbose lifecycle react02@0.1.0~predeploy: CWD: E:\code\ReactDemo\react02
9 silly lifecycle react02@0.1.0~predeploy: Args: [ '/d /s /c', 'npm run build' ]
10 silly lifecycle react02@0.1.0~predeploy: Returned: code: 0  signal: null
11 info lifecycle react02@0.1.0~deploy: react02@0.1.0
12 verbose lifecycle react02@0.1.0~deploy: unsafe-perm in lifecycle true
13 verbose lifecycle react02@0.1.0~deploy: PATH: E:\tools\nodejs\node_modules\npm\bin\node-gyp-bin;E:\code\ReactDemo\react02\node_modules\.bin;C:\ProgramData\Oracle\Java\javapath;C:\Windows\system32;C:\Windows;C:\Windows\System32\Wbem;C:\Windows\System32\WindowsPowerShell\v1.0\;C:\Program Files (x86)\NVIDIA Corporation\PhysX\Common;C:\Program Files\Intel\WiFi\bin\;C:\Program Files\Common Files\Intel\WirelessCommon\;C:\WINDOWS\system32;C:\WINDOWS;C:\WINDOWS\System32\Wbem;C:\WINDOWS\System32\WindowsPowerShell\v1.0\;E:\tools\Java\jdk1.8.0_101\bin;E:\tools\Java\jdk1.8.0_101\jre\bin;E:\tools\TortoiseSVN\bin;E:\tools\Git\cmd;E:\tools\nodejs\;E:\tools\sdk\tools;E:\tools\sdk\platform-tools;E:\tools\apache-tomcat-8.5.14\lib;E:\tools\apache-tomcat-8.5.14\bin;E:\tools\apache-maven-3.5.0\bin;C:\Program Files\MySQL\MySQL Utilities 1.6\;C:\Users\panyz\AppData\Local\Microsoft\WindowsApps;E:\tools\Microsoft VS Code\bin;C:\Users\panyz\AppData\Roaming\npm;
14 verbose lifecycle react02@0.1.0~deploy: CWD: E:\code\ReactDemo\react02
15 silly lifecycle react02@0.1.0~deploy: Args: [ '/d /s /c', 'gh-pages -d build' ]
16 silly lifecycle react02@0.1.0~deploy: Returned: code: 1  signal: null
17 info lifecycle react02@0.1.0~deploy: Failed to exec deploy script
18 verbose stack Error: react02@0.1.0 deploy: `gh-pages -d build`
18 verbose stack Exit status 1
18 verbose stack     at EventEmitter.<anonymous> (E:\tools\nodejs\node_modules\npm\lib\utils\lifecycle.js:255:16)
18 verbose stack     at emitTwo (events.js:106:13)
18 verbose stack     at EventEmitter.emit (events.js:191:7)
18 verbose stack     at ChildProcess.<anonymous> (E:\tools\nodejs\node_modules\npm\lib\utils\spawn.js:40:14)
18 verbose stack     at emitTwo (events.js:106:13)
18 verbose stack     at ChildProcess.emit (events.js:191:7)
18 verbose stack     at maybeClose (internal/child_process.js:877:16)
18 verbose stack     at Process.ChildProcess._handle.onexit (internal/child_process.js:226:5)
19 verbose pkgid react02@0.1.0
20 verbose cwd E:\code\ReactDemo\react02\build
21 error Windows_NT 10.0.15063
22 error argv "E:\\tools\\nodejs\\node.exe" "E:\\tools\\nodejs\\node_modules\\npm\\bin\\npm-cli.js" "run" "deploy"
23 error node v6.10.0
24 error npm  v3.10.10
25 error code ELIFECYCLE
26 error react02@0.1.0 deploy: `gh-pages -d build`
26 error Exit status 1
27 error Failed at the react02@0.1.0 deploy script 'gh-pages -d build'.
27 error Make sure you have the latest version of node.js and npm installed.
27 error If you do, this is most likely a problem with the react02 package,
27 error not with npm itself.
27 error Tell the author that this fails on your system:
27 error     gh-pages -d build
27 error You can get information on how to open an issue for this project with:
27 error     npm bugs react02
27 error Or if that isn't available, you can get their info via:
27 error     npm owner ls react02
27 error There is likely additional logging output above.
28 verbose exit [ 1, true ]
